<?xml version="1.0" encoding="UTF-8"?>
<testng-results ignored="0" total="2" passed="2" failed="0" skipped="0">
  <reporter-output>
  </reporter-output>
  <suite started-at="2022-09-28T23:09:07 IST" name="Default suite" finished-at="2022-09-28T23:09:21 IST" duration-ms="13520">
    <groups>
    </groups>
    <test started-at="2022-09-28T23:09:07 IST" name="Default test" finished-at="2022-09-28T23:09:21 IST" duration-ms="13520">
      <class name="Frametest.TestClass2">
        <test-method is-config="true" signature="openBrowser()[pri:0, instance:Frametest.TestClass2@6aba2b86]" started-at="2022-09-28T23:09:07 IST" name="openBrowser" finished-at="2022-09-28T23:09:08 IST" duration-ms="869" status="PASS">
          <reporter-output>
          </reporter-output>
        </test-method> <!-- openBrowser -->
        <test-method is-config="true" signature="openRoomPage()[pri:0, instance:Frametest.TestClass2@6aba2b86]" started-at="2022-09-28T23:09:08 IST" name="openRoomPage" finished-at="2022-09-28T23:09:11 IST" duration-ms="2596" status="PASS">
          <reporter-output>
          </reporter-output>
        </test-method> <!-- openRoomPage -->
        <test-method signature="openFeaturePage()[pri:0, instance:Frametest.TestClass2@6aba2b86]" started-at="2022-09-28T23:09:11 IST" name="openFeaturePage" finished-at="2022-09-28T23:09:17 IST" duration-ms="6736" status="PASS">
          <reporter-output>
          </reporter-output>
        </test-method> <!-- openFeaturePage -->
        <test-method is-config="true" signature="afterMethod()[pri:0, instance:Frametest.TestClass2@6aba2b86]" started-at="2022-09-28T23:09:17 IST" name="afterMethod" finished-at="2022-09-28T23:09:17 IST" duration-ms="1" status="PASS">
          <reporter-output>
          </reporter-output>
        </test-method> <!-- afterMethod -->
        <test-method is-config="true" signature="openRoomPage()[pri:0, instance:Frametest.TestClass2@6aba2b86]" started-at="2022-09-28T23:09:17 IST" name="openRoomPage" finished-at="2022-09-28T23:09:20 IST" duration-ms="2887" status="PASS">
          <reporter-output>
          </reporter-output>
        </test-method> <!-- openRoomPage -->
        <test-method signature="openMessengerPage()[pri:0, instance:Frametest.TestClass2@6aba2b86]" started-at="2022-09-28T23:09:20 IST" name="openMessengerPage" finished-at="2022-09-28T23:09:20 IST" duration-ms="345" status="PASS">
          <reporter-output>
          </reporter-output>
        </test-method> <!-- openMessengerPage -->
        <test-method is-config="true" signature="afterMethod()[pri:0, instance:Frametest.TestClass2@6aba2b86]" started-at="2022-09-28T23:09:20 IST" name="afterMethod" finished-at="2022-09-28T23:09:20 IST" duration-ms="0" status="PASS">
          <reporter-output>
          </reporter-output>
        </test-method> <!-- afterMethod -->
        <test-method is-config="true" signature="afterClass()[pri:0, instance:Frametest.TestClass2@6aba2b86]" started-at="2022-09-28T23:09:20 IST" name="afterClass" finished-at="2022-09-28T23:09:21 IST" duration-ms="61" status="PASS">
          <reporter-output>
          </reporter-output>
        </test-method> <!-- afterClass -->
      </class> <!-- Frametest.TestClass2 -->
    </test> <!-- Default test -->
  </suite> <!-- Default suite -->
</testng-results>
